[2015-03-25 15:59:36] START
[2015-03-25 16:00:20] EDIT init/models/menu.py: 0
[2015-03-25 16:08:20] EDIT init/models/menu.py: -89
[2015-03-25 16:09:27] EDIT init/models/menu.py: 0
[2015-03-25 16:09:47] CREATE mitrend.py: 0
[2015-03-25 16:10:01] CREATE mitrend/index.html: 0
[2015-03-25 16:10:30] EDIT init/controllers/mitrend.py: 52
[2015-03-25 16:10:44] EDIT init/views/mitrend/index.html: -1
[2015-03-25 16:14:24] EDIT init/controllers/default.py: 0
[2015-03-25 16:14:46] EDIT init/controllers/default.py: 1
[2015-03-25 16:15:27] EDIT init/controllers/default.py: 2
[2015-03-25 16:15:40] EDIT init/controllers/default.py: 0
[2015-03-25 16:16:19] EDIT init/controllers/default.py: 0
[2015-03-25 16:17:01] EDIT init/views/default/index.html: -9
[2015-03-25 16:17:16] EDIT init/views/default/index.html: -4
[2015-03-25 16:17:45] EDIT init/views/default/index.html: -8
[2015-03-25 16:18:20] EDIT init/controllers/default.py: -1
[2015-03-25 16:18:58] EDIT init/models/menu.py: 0
[2015-03-25 16:19:11] EDIT init/models/menu.py: 0
[2015-03-25 16:19:30] EDIT init/models/menu.py: 0
[2015-03-25 16:19:40] EDIT init/models/menu.py: 0
[2015-03-25 16:19:53] EDIT init/models/menu.py: 0
[2015-03-25 16:20:13] EDIT init/models/menu.py: 0
[2015-03-25 16:23:18] EDIT init/models/menu.py: -1
[2015-03-25 16:23:19] EDIT init/models/menu.py: 0
[2015-03-25 16:29:07] EDIT init/models/menu.py: 0
[2015-03-25 18:12:17] EDIT init/models/menu.py: -3
[2015-03-25 18:13:46] EDIT init/views/layout.html: 2
[2015-03-25 18:14:32] EDIT init/models/menu.py: 0
[2015-03-25 18:14:47] EDIT init/models/menu.py: 0
[2015-03-25 18:15:17] EDIT init/models/menu.py: 0
[2015-03-25 18:16:28] EDIT init/models/menu.py: 0
[2015-03-25 18:31:30] EDIT init/controllers/mitrend.py: 0
[2015-03-25 18:31:48] EDIT init/controllers/mitrend.py: 0
[2015-03-25 18:34:02] EDIT init/views/layout.html: 0
[2015-03-25 18:35:33] EDIT init/views/layout.html: 0
